TN:
SF:router.js
FN:6,router
FNF:1
FNH:0
FNDA:0,router
DA:1,1
DA:2,1
DA:3,1
DA:4,1
DA:7,0
DA:8,0
DA:9,0
DA:10,0
DA:11,0
DA:12,0
DA:13,0
DA:15,0
DA:19,1
LF:13
LH:5
BRDA:8,0,0,0
BRDA:8,0,1,0
BRDA:10,1,0,0
BRDA:10,1,1,0
BRDA:12,2,0,0
BRDA:12,2,1,0
BRF:6
BRH:0
end_of_record
TN:
SF:src/handlers/createPost.js
FN:5,createPostHandler
FN:7,(anonymous_1)
FN:11,(anonymous_2)
FN:14,(anonymous_3)
FN:23,(anonymous_4)
FNF:5
FNH:0
FNDA:0,createPostHandler
FNDA:0,(anonymous_1)
FNDA:0,(anonymous_2)
FNDA:0,(anonymous_3)
FNDA:0,(anonymous_4)
DA:1,1
DA:2,1
DA:3,1
DA:6,0
DA:7,0
DA:8,0
DA:11,0
DA:12,0
DA:14,0
DA:15,0
DA:16,0
DA:18,0
DA:19,0
DA:20,0
DA:24,0
DA:25,0
DA:27,0
DA:28,0
DA:35,1
LF:19
LH:4
BRDA:15,0,0,0
BRDA:15,0,1,0
BRDA:24,1,0,0
BRDA:24,1,1,0
BRF:4
BRH:0
end_of_record
TN:
SF:src/handlers/displayPosts.js
FN:4,displayPostHandler
FN:5,(anonymous_1)
FNF:2
FNH:0
FNDA:0,displayPostHandler
FNDA:0,(anonymous_1)
DA:1,1
DA:2,1
DA:5,0
DA:9,0
DA:10,0
DA:12,0
DA:13,0
DA:16,1
LF:8
LH:3
BRDA:9,0,0,0
BRDA:9,0,1,0
BRF:2
BRH:0
end_of_record
TN:
SF:src/handlers/home.js
FN:3,homeHandler
FN:6,(anonymous_1)
FNF:2
FNH:0
FNDA:0,homeHandler
FNDA:0,(anonymous_1)
DA:1,1
DA:4,0
DA:6,0
DA:7,0
DA:8,0
DA:10,0
DA:13,1
LF:7
LH:2
BRDA:7,0,0,0
BRDA:7,0,1,0
BRF:2
BRH:0
end_of_record
TN:
SF:src/handlers/misc.js
FN:4,miscHandler
FN:19,(anonymous_1)
FNF:2
FNH:0
FNDA:0,miscHandler
FNDA:0,(anonymous_1)
DA:1,1
DA:2,1
DA:5,0
DA:6,0
DA:14,0
DA:15,0
DA:16,0
DA:17,0
DA:18,0
DA:19,0
DA:23,0
DA:24,0
DA:26,0
DA:27,0
DA:31,1
LF:15
LH:3
BRDA:23,0,0,0
BRDA:23,0,1,0
BRF:2
BRH:0
end_of_record
